This is LuaHBTeX, Version 1.18.1 (MiKTeX 24.4) (INITEX)  29 APR 2025 17:44
 restricted system commands enabled.
**lualatex.ini

(C:/Users/chith/AppData/Local/Programs/MiKTeX/tex/latex/tex-ini-files/lualatex.
ini
(C:/Users/chith/AppData/Local/Programs/MiKTeX/tex/generic/tex-ini-files/luatexc
onfig.tex
(C:/Users/chith/AppData/Roaming/MiKTeX/tex/generic/config/pdftexconfig.tex))
(C:/Users/chith/AppData/Local/Programs/MiKTeX/tex/latex/base/latex.ltx
(C:/Users/chith/AppData/Local/Programs/MiKTeX/tex/latex/base/texsys.cfg)
\openout15 = texsys.aux

./texsys.aux found


\@currdir set to: ./.


Assuming \openin and \input 
have the same search path.


Defining UNIX/DOS style filename parser.

catcodes, registers,
\@inputcheck=\read0
\@unused=\write0
\maxdimen=\dimen10
\hideskip=\skip10
\p@=\dimen11
\z@=\dimen12
\z@skip=\skip11
\voidb@x=\box10
 parameters,
\tracingstacklevels=\count23
\normalbaselineskip=\skip12
\normallineskip=\skip13
\normallineskiplimit=\dimen13
\interfootnotelinepenalty=\count24
\strutbox=\box11
\LaTeXReleaseInfo=\toks10

LaTeX2e <2024-06-01> patch level 2
\catcodetable@initex=\catcodetable1
\catcodetable@string=\catcodetable2
\catcodetable@latex=\catcodetable3
\catcodetable@atletter=\catcodetable4
(C:/Users/chith/AppData/Local/Programs/MiKTeX/tex/latex/l3kernel/expl3.ltx
(C:/Users/chith/AppData/Local/Programs/MiKTeX/tex/latex/l3kernel/expl3-code.tex
Package: expl3 2024-08-30 L3 programming layer (code)
\@expl@luadata@bytecode=\luabytecode1
Lua function __lua_load_module_p:n = 1
Inserting `ltx.luadata' in `pre_dump'.
Lua function tex_strcmp:D = 2
Lua function tex_Ucharcat:D = 3
Lua function tex_filesize:D = 4
Lua function tex_mdfivesum:D = 5
Lua function tex_filemoddate:D = 6
Lua function tex_filedump:D = 7
Lua function __sys_shell_now:e = 8
Lua function __sys_shell_shipout:e = 9
Lua function __sys_elapsedtime: = 10
Lua function __token_if_primitive_lua:N = 11
Lua function __intarray:w = 12
Lua function __intarray_gset_count:Nw = 13
Lua function intarray_count:N = 14
Lua function __intarray_gset:wF = 15
Lua function __intarray_gset:w = 16
Lua function intarray_gzero:N = 17
Lua function __intarray_item:wF = 18
Lua function __intarray_item:w = 19
Lua function __intarray_to_clist:Nn = 20
Lua function __intarray_range_to_clist:w = 21
Lua function __intarray_gset_range:w = 22
Lua function __pdf_object_record:nN = 23
Lua function __pdf_object_retrieve:n = 24
Lua function __pdf_object_record:nnN = 25
Lua function __pdf_object_retrieve:nn = 26
\c_max_int=\count25
\l_tmpa_int=\count26
\l_tmpb_int=\count27
\g_tmpa_int=\count28
\g_tmpb_int=\count29
\l__seq_internal_a_int=\count30
\l__seq_internal_b_int=\count31
\g__kernel_prg_map_int=\count32
\g__prop_prefix_int=\count33
\c__ior_term_noprompt_ior=\count34
\c_log_iow=\count35
\l_iow_line_count_int=\count36
\l__iow_line_target_int=\count37
\l__iow_one_indent_int=\count38
\l__iow_indent_int=\count39
\c_zero_dim=\dimen14
\c_max_dim=\dimen15
\l_tmpa_dim=\dimen16
\l_tmpb_dim=\dimen17
\g_tmpa_dim=\dimen18
\g_tmpb_dim=\dimen19
\c_zero_skip=\skip14
\c_max_skip=\skip15
\l_tmpa_skip=\skip16
\l_tmpb_skip=\skip17
\g_tmpa_skip=\skip18
\g_tmpb_skip=\skip19
\c_zero_muskip=\muskip10
\c_max_muskip=\muskip11
\l_tmpa_muskip=\muskip12
\l_tmpb_muskip=\muskip13
\g_tmpa_muskip=\muskip14
\g_tmpb_muskip=\muskip15
\l_keys_choice_int=\count40
\l__intarray_loop_int=\count41
\g__intarray_table_int=\count42
\l__intarray_bad_index_int=\count43
\c__fp_leading_shift_int=\count44
\c__fp_middle_shift_int=\count45
\c__fp_trailing_shift_int=\count46
\c__fp_big_leading_shift_int=\count47
\c__fp_big_middle_shift_int=\count48
\c__fp_big_trailing_shift_int=\count49
\c__fp_Bigg_leading_shift_int=\count50
\c__fp_Bigg_middle_shift_int=\count51
\c__fp_Bigg_trailing_shift_int=\count52
\l__fp_function_arg_int=\count53
\g__fp_array_int=\count54
\l__fp_array_loop_int=\count55
\l__bitset_internal_int=\count56
\g__cctab_allocate_int=\count57
\g__cctab_internal_cctab=\catcodetable5
\c_initex_cctab=\catcodetable6
\c_other_cctab=\catcodetable7
\g__cctab_internali_cctab=\catcodetable8
\c_str_cctab=\catcodetable9
\g_tmpa_cctab=\catcodetable10
\g_tmpb_cctab=\catcodetable11
\l__sort_length_int=\count58
\l__sort_min_int=\count59
\l__sort_top_int=\count60
\l__sort_max_int=\count61
\l__sort_true_max_int=\count62
\l__sort_block_int=\count63
\l__sort_begin_int=\count64
\l__sort_end_int=\count65
\l__sort_A_int=\count66
\l__sort_B_int=\count67
\l__sort_C_int=\count68
\l__str_modulo_int=\count69
\l__tl_analysis_normal_int=\count70
\l__tl_analysis_index_int=\count71
\l__tl_analysis_nesting_int=\count72
\l__tl_analysis_type_int=\count73
\l__tl_peek_charcode_int=\count74
\l__regex_internal_a_int=\count75
\l__regex_internal_b_int=\count76
\l__regex_internal_c_int=\count77
\l__regex_balance_int=\count78
\l__regex_group_level_int=\count79
\l__regex_mode_int=\count80
\c__regex_cs_in_class_mode_int=\count81
\c__regex_cs_mode_int=\count82
\l__regex_catcodes_int=\count83
\l__regex_default_catcodes_int=\count84
\c__regex_catcode_L_int=\count85
\c__regex_catcode_O_int=\count86
\c__regex_catcode_A_int=\count87
\c__regex_all_catcodes_int=\count88
\l__regex_show_lines_int=\count89
\l__regex_min_state_int=\count90
\l__regex_max_state_int=\count91
\l__regex_left_state_int=\count92
\l__regex_right_state_int=\count93
\l__regex_capturing_group_int=\count94
\g__regex_case_int=\count95
\l__regex_case_max_group_int=\count96
\l__regex_min_pos_int=\count97
\l__regex_max_pos_int=\count98
\l__regex_curr_pos_int=\count99
\l__regex_start_pos_int=\count100
\l__regex_success_pos_int=\count101
\l__regex_curr_char_int=\count102
\l__regex_curr_catcode_int=\count103
\l__regex_last_char_int=\count104
\l__regex_last_char_success_int=\count105
\l__regex_case_changed_char_int=\count106
\l__regex_curr_state_int=\count107
\l__regex_step_int=\count108
\l__regex_min_thread_int=\count109
\l__regex_max_thread_int=\count110
\l__regex_replacement_csnames_int=\count111
\l__regex_match_count_int=\count112
\l__regex_min_submatch_int=\count113
\l__regex_submatch_int=\count114
\l__regex_zeroth_submatch_int=\count115
\l__regex_added_begin_int=\count116
\l__regex_added_end_int=\count117
\g__regex_trace_regex_int=\count118
\c_empty_box=\box12
\l_tmpa_box=\box13
\l_tmpb_box=\box14
\g_tmpa_box=\box15
\g_tmpb_box=\box16
\l__box_top_dim=\dimen20
\l__box_bottom_dim=\dimen21
\l__box_left_dim=\dimen22
\l__box_right_dim=\dimen23
\l__box_top_new_dim=\dimen24
\l__box_bottom_new_dim=\dimen25
\l__box_left_new_dim=\dimen26
\l__box_right_new_dim=\dimen27
\l__box_internal_box=\box17
\l__color_internal_int=\count119
\g__color_model_int=\count120
\g__pdf_backend_object_int=\count121
\l__coffin_internal_box=\box18
\l__coffin_internal_dim=\dimen28
\l__coffin_offset_x_dim=\dimen29
\l__coffin_offset_y_dim=\dimen30
\l__coffin_x_dim=\dimen31
\l__coffin_y_dim=\dimen32
\l__coffin_x_prime_dim=\dimen33
\l__coffin_y_prime_dim=\dimen34
\c_empty_coffin=\box19
\l__coffin_aligned_coffin=\box20
\l__coffin_aligned_internal_coffin=\box21
\l_tmpa_coffin=\box22
\l_tmpb_coffin=\box23
\g_tmpa_coffin=\box24
\g_tmpb_coffin=\box25
\l__coffin_bounding_shift_dim=\dimen35
\l__coffin_left_corner_dim=\dimen36
\l__coffin_right_corner_dim=\dimen37
\l__coffin_bottom_corner_dim=\dimen38
\l__coffin_top_corner_dim=\dimen39
\l__coffin_scaled_total_height_dim=\dimen40
\l__coffin_scaled_width_dim=\dimen41
\c__coffin_empty_coffin=\box26
\l__coffin_display_coffin=\box27
\l__coffin_display_coord_coffin=\box28
\l__coffin_display_pole_coffin=\box29
\l__coffin_display_offset_dim=\dimen42
\l__coffin_display_x_dim=\dimen43
\l__coffin_display_y_dim=\dimen44
\g__codepoint_data_ior=\read1
)) hacks, document commands,
\l__cmd_current_arg_int=\count122
\g__cmd_grabber_int=\count123
\l__cmd_m_args_int=\count124
\l__cmd_v_nesting_int=\count125
\l__hook_labels_int=\count126
\l__hook_patch_num_args_int=\count127
 templates,
\l__template_tmp_dim=\dimen45
\l__template_tmp_int=\count128
\l__template_tmp_muskip=\muskip16
\l__template_tmp_skip=\skip20
\@tempcnta=\count129
\@tempcntb=\count130
\@tempdima=\dimen46
\@tempdimb=\dimen47
\@tempdimc=\dimen48
\@tempboxa=\box30
\@tempskipa=\skip21
\@tempskipb=\skip22
\@temptokena=\toks11
\@flushglue=\skip23
 control, par,
\everypar=\toks12
\g_para_indent_box=\box31
 spacing,
\@savsk=\dimen49
\@savsf=\count131
\smallskipamount=\skip24
\medskipamount=\skip25
\bigskipamount=\skip26
\sp@ce@skip=\skip27
\fill=\skip28
 files,
\@mainaux=\write1
\@partaux=\write2
\@clubpenalty=\count132
LaTeX Info: Redefining \IfFileExists on input line 9171.

font encodings, lengths,
\everymath=\toks13
\everydisplay=\toks14
\series@check@toks=\toks15
\every@math@size=\toks16
\lower@bound=\dimen50
\upper@bound=\dimen51
\c@localmathalphabets=\count133
\c@mv@normal=\count134
\c@mv@bold=\count135

====================================

Local config file fonttext.cfg used

====================================
(C:/Users/chith/AppData/Local/Programs/MiKTeX/tex/latex/base/fonttext.cfg
File: fonttext.cfg 2024/02/09 v3.0i LaTeX Kernel (Uncustomized text font setup)
 

(C:/Users/chith/AppData/Local/Programs/MiKTeX/tex/latex/base/fonttext.ltx
File: fonttext.ltx 2024/02/09 v3.0i LaTeX Kernel (Text font setup) 

=== Don't modify this file, use a .cfg file instead ===

(C:/Users/chith/AppData/Local/Programs/MiKTeX/tex/latex/base/omlenc.def
File: omlenc.def 2021/04/29 v2.0v Standard LaTeX file
)
(C:/Users/chith/AppData/Local/Programs/MiKTeX/tex/latex/base/omsenc.def
File: omsenc.def 2021/04/29 v2.0v Standard LaTeX file
)
(C:/Users/chith/AppData/Local/Programs/MiKTeX/tex/latex/base/ot1enc.def
File: ot1enc.def 2021/04/29 v2.0v Standard LaTeX file
)
(C:/Users/chith/AppData/Local/Programs/MiKTeX/tex/latex/base/t1enc.def
File: t1enc.def 2021/04/29 v2.0v Standard LaTeX file
)
(C:/Users/chith/AppData/Local/Programs/MiKTeX/tex/latex/base/ts1enc.def
File: ts1enc.def 2001/06/05 v3.0e (jk/car/fm) Standard LaTeX file
)
(C:/Users/chith/AppData/Local/Programs/MiKTeX/tex/latex/base/tuenc.def
File: tuenc.def 2021/04/29 v2.0v Standard LaTeX file
\@remove@tlig@@@=\luafunction27
)
LaTeX Font Info:    Trying to load font information for TU+lmr on input line 61
.

(C:/Users/chith/AppData/Local/Programs/MiKTeX/tex/latex/base/tulmr.fd
File: tulmr.fd 2021/07/23 v1.8a Standard LaTeX font definitions for Latin Moder
n
)
LaTeX Font Info:    Trying to load font information for TU+lmss on input line 6
2.

(C:/Users/chith/AppData/Local/Programs/MiKTeX/tex/latex/base/tulmss.fd
File: tulmss.fd 2021/07/23 v1.8a Standard LaTeX font definitions for Latin Mode
rn
)
LaTeX Font Info:    Trying to load font information for TU+lmtt on input line 6
3.

(C:/Users/chith/AppData/Local/Programs/MiKTeX/tex/latex/base/tulmtt.fd
File: tulmtt.fd 2021/07/23 v1.8a Standard LaTeX font definitions for Latin Mode
rn
)
LaTeX Font Info:    Trying to load font information for TS1+lmr on input line 6
7.

(C:/Users/chith/AppData/Local/Programs/MiKTeX/tex/latex/lm/ts1lmr.fd
File: ts1lmr.fd 2015/05/01 v1.6.1 Font defs for Latin Modern
)
(C:/Users/chith/AppData/Local/Programs/MiKTeX/tex/latex/base/t1cmr.fd
File: t1cmr.fd 2023/04/13 v2.5m Standard LaTeX font definitions
)
(C:/Users/chith/AppData/Local/Programs/MiKTeX/tex/latex/base/ot1cmr.fd
File: ot1cmr.fd 2023/04/13 v2.5m Standard LaTeX font definitions
)
(C:/Users/chith/AppData/Local/Programs/MiKTeX/tex/latex/base/ot1cmss.fd
File: ot1cmss.fd 2023/04/13 v2.5m Standard LaTeX font definitions
)
(C:/Users/chith/AppData/Local/Programs/MiKTeX/tex/latex/base/ot1cmtt.fd
File: ot1cmtt.fd 2023/04/13 v2.5m Standard LaTeX font definitions
)))
====================================

Local config file fontmath.cfg used

====================================
(C:/Users/chith/AppData/Local/Programs/MiKTeX/tex/latex/base/fontmath.cfg
File: fontmath.cfg 2024/02/09 v3.0i LaTeX Kernel (Uncustomized math font setup)
 

(C:/Users/chith/AppData/Local/Programs/MiKTeX/tex/latex/base/fontmath.ltx
File: fontmath.ltx 2024/02/09 v3.0i LaTeX Kernel (Math font setup) 

=== Don't modify this file, use a .cfg file instead ===

LaTeX Font Info:    Redeclaring font encoding OML on input line 44.
LaTeX Font Info:    Redeclaring font encoding OMS on input line 45.
(C:/Users/chith/AppData/Local/Programs/MiKTeX/tex/latex/base/omlcmm.fd
File: omlcmm.fd 2023/04/13 v2.5m Standard LaTeX font definitions
)
(C:/Users/chith/AppData/Local/Programs/MiKTeX/tex/latex/base/omscmsy.fd
File: omscmsy.fd 2023/04/13 v2.5m Standard LaTeX font definitions
)
(C:/Users/chith/AppData/Local/Programs/MiKTeX/tex/latex/base/omxcmex.fd
File: omxcmex.fd 2023/04/13 v2.5m Standard LaTeX font definitions
)
(C:/Users/chith/AppData/Local/Programs/MiKTeX/tex/latex/base/ucmr.fd
File: ucmr.fd 2023/04/13 v2.5m Standard LaTeX font definitions
)
\symoperators=\mathgroup0
\symletters=\mathgroup1
\symsymbols=\mathgroup2
\symlargesymbols=\mathgroup3
LaTeX Font Info:    Overwriting symbol font `operators' in version `bold'
(Font)                  OT1/cmr/m/n --> OT1/cmr/bx/n on input line 63.
LaTeX Font Info:    Overwriting symbol font `letters' in version `bold'
(Font)                  OML/cmm/m/it --> OML/cmm/b/it on input line 64.
LaTeX Font Info:    Overwriting symbol font `symbols' in version `bold'
(Font)                  OMS/cmsy/m/n --> OMS/cmsy/b/n on input line 65.
LaTeX Font Info:    Overwriting math alphabet `\mathsf' in version `bold'
(Font)                  OT1/cmss/m/n --> OT1/cmss/bx/n on input line 73.
LaTeX Font Info:    Overwriting math alphabet `\mathit' in version `bold'
(Font)                  OT1/cmr/m/it --> OT1/cmr/bx/it on input line 74.
))
====================================

Local config file preload.cfg used

=====================================
(C:/Users/chith/AppData/Local/Programs/MiKTeX/tex/latex/base/preload.cfg
File: preload.cfg 2024/02/09 v3.0i LaTeX Kernel (Uncustomized preload font setu
p) 

(C:/Users/chith/AppData/Local/Programs/MiKTeX/tex/latex/base/preload.ltx
File: preload.ltx 2021/10/04 v2.1g LaTeX Kernel (Font Preloading)
))
LaTeX Font Info:    Setting ? sub-encoding to TS1/9 on input line 13004.
LaTeX Font Info:    Setting ccr sub-encoding to TS1/0 on input line 13005.
LaTeX Font Info:    Setting cmbr sub-encoding to TS1/0 on input line 13006.
LaTeX Font Info:    Setting cmr sub-encoding to TS1/0 on input line 13007.
LaTeX Font Info:    Setting cmss sub-encoding to TS1/0 on input line 13008.
LaTeX Font Info:    Setting cmtl sub-encoding to TS1/0 on input line 13009.
LaTeX Font Info:    Setting cmtt sub-encoding to TS1/0 on input line 13010.
LaTeX Font Info:    Setting cmvtt sub-encoding to TS1/0 on input line 13011.
LaTeX Font Info:    Setting pxr sub-encoding to TS1/0 on input line 13012.
LaTeX Font Info:    Setting pxss sub-encoding to TS1/0 on input line 13013.
LaTeX Font Info:    Setting pxtt sub-encoding to TS1/0 on input line 13014.
LaTeX Font Info:    Setting qag sub-encoding to TS1/0 on input line 13015.
LaTeX Font Info:    Setting qbk sub-encoding to TS1/0 on input line 13016.
LaTeX Font Info:    Setting qcr sub-encoding to TS1/0 on input line 13017.
LaTeX Font Info:    Setting qcs sub-encoding to TS1/0 on input line 13018.
LaTeX Font Info:    Setting qhvc sub-encoding to TS1/0 on input line 13019.
LaTeX Font Info:    Setting qhv sub-encoding to TS1/0 on input line 13020.
LaTeX Font Info:    Setting qpl sub-encoding to TS1/0 on input line 13021.
LaTeX Font Info:    Setting qtm sub-encoding to TS1/0 on input line 13022.
LaTeX Font Info:    Setting qzc sub-encoding to TS1/0 on input line 13023.
LaTeX Font Info:    Setting txr sub-encoding to TS1/0 on input line 13024.
LaTeX Font Info:    Setting txss sub-encoding to TS1/0 on input line 13025.
LaTeX Font Info:    Setting txtt sub-encoding to TS1/0 on input line 13026.
LaTeX Font Info:    Setting lmr sub-encoding to TS1/1 on input line 13027.
LaTeX Font Info:    Setting lmdh sub-encoding to TS1/1 on input line 13028.
LaTeX Font Info:    Setting lmss sub-encoding to TS1/1 on input line 13029.
LaTeX Font Info:    Setting lmssq sub-encoding to TS1/1 on input line 13030.
LaTeX Font Info:    Setting lmvtt sub-encoding to TS1/1 on input line 13031.
LaTeX Font Info:    Setting lmtt sub-encoding to TS1/1 on input line 13032.
LaTeX Font Info:    Setting ptmx sub-encoding to TS1/2 on input line 13033.
LaTeX Font Info:    Setting ptmj sub-encoding to TS1/2 on input line 13034.
LaTeX Font Info:    Setting ul8 sub-encoding to TS1/2 on input line 13035.
LaTeX Font Info:    Setting bch sub-encoding to TS1/5 on input line 13036.
LaTeX Font Info:    Setting futj sub-encoding to TS1/5 on input line 13037.
LaTeX Font Info:    Setting futs sub-encoding to TS1/5 on input line 13038.
LaTeX Font Info:    Setting futx sub-encoding to TS1/5 on input line 13039.
LaTeX Font Info:    Setting pag sub-encoding to TS1/5 on input line 13040.
LaTeX Font Info:    Setting pbk sub-encoding to TS1/5 on input line 13041.
LaTeX Font Info:    Setting pcr sub-encoding to TS1/5 on input line 13042.
LaTeX Font Info:    Setting phv sub-encoding to TS1/5 on input line 13043.
LaTeX Font Info:    Setting pnc sub-encoding to TS1/5 on input line 13044.
LaTeX Font Info:    Setting pplj sub-encoding to TS1/5 on input line 13045.
LaTeX Font Info:    Setting pplx sub-encoding to TS1/5 on input line 13046.
LaTeX Font Info:    Setting ppl sub-encoding to TS1/5 on input line 13047.
LaTeX Font Info:    Setting ptm sub-encoding to TS1/5 on input line 13048.
LaTeX Font Info:    Setting pzc sub-encoding to TS1/5 on input line 13049.
LaTeX Font Info:    Setting ul9 sub-encoding to TS1/5 on input line 13050.
LaTeX Font Info:    Setting dayroms sub-encoding to TS1/6 on input line 13051.
LaTeX Font Info:    Setting dayrom sub-encoding to TS1/6 on input line 13052.
LaTeX Font Info:    Setting augie sub-encoding to TS1/8 on input line 13053.
LaTeX Font Info:    Setting put sub-encoding to TS1/8 on input line 13054.
LaTeX Font Info:    Setting uag sub-encoding to TS1/8 on input line 13055.
LaTeX Font Info:    Setting ugq sub-encoding to TS1/8 on input line 13056.
LaTeX Font Info:    Setting zi4 sub-encoding to TS1/9 on input line 13057.
LaTeX Font Info:    Setting hls sub-encoding to TS1/5 on input line 13058.
LaTeX Font Info:    Setting hlst sub-encoding to TS1/5 on input line 13059.
LaTeX Font Info:    Setting hlct sub-encoding to TS1/5 on input line 13060.
LaTeX Font Info:    Setting hlh sub-encoding to TS1/5 on input line 13061.
LaTeX Font Info:    Setting hlx sub-encoding to TS1/8 on input line 13062.
LaTeX Font Info:    Setting hlce sub-encoding to TS1/8 on input line 13063.
LaTeX Font Info:    Setting hlcn sub-encoding to TS1/8 on input line 13064.
LaTeX Font Info:    Setting hlcw sub-encoding to TS1/8 on input line 13065.
LaTeX Font Info:    Setting hlcf sub-encoding to TS1/8 on input line 13066.
LaTeX Font Info:    Setting lato-LF sub-encoding to TS1/0 on input line 13067.
LaTeX Font Info:    Setting lato-TLF sub-encoding to TS1/0 on input line 13067.

LaTeX Font Info:    Setting lato-OsF sub-encoding to TS1/0 on input line 13067.

LaTeX Font Info:    Setting lato-TOsF sub-encoding to TS1/0 on input line 13067
.
LaTeX Font Info:    Setting opensans-LF sub-encoding to TS1/0 on input line 130
68.
LaTeX Font Info:    Setting opensans-TLF sub-encoding to TS1/0 on input line 13
068.
LaTeX Font Info:    Setting opensans-OsF sub-encoding to TS1/0 on input line 13
068.
LaTeX Font Info:    Setting opensans-TOsF sub-encoding to TS1/0 on input line 1
3068.
LaTeX Font Info:    Setting cantarell-LF sub-encoding to TS1/0 on input line 13
069.
LaTeX Font Info:    Setting cantarell-TLF sub-encoding to TS1/0 on input line 1
3069.
LaTeX Font Info:    Setting cantarell-OsF sub-encoding to TS1/0 on input line 1
3069.
LaTeX Font Info:    Setting cantarell-TOsF sub-encoding to TS1/0 on input line 
13069.
LaTeX Font Info:    Setting tli sub-encoding to TS1/1 on input line 13070.
LaTeX Font Info:    Setting fbb-LF sub-encoding to TS1/2 on input line 13071.
LaTeX Font Info:    Setting fbb-TLF sub-encoding to TS1/2 on input line 13071.
LaTeX Font Info:    Setting fbb-OsF sub-encoding to TS1/2 on input line 13071.
LaTeX Font Info:    Setting fbb-TOsF sub-encoding to TS1/2 on input line 13071.

LaTeX Font Info:    Setting Alegreya-LF sub-encoding to TS1/2 on input line 130
72.
LaTeX Font Info:    Setting Alegreya-TLF sub-encoding to TS1/2 on input line 13
072.
LaTeX Font Info:    Setting Alegreya-OsF sub-encoding to TS1/2 on input line 13
072.
LaTeX Font Info:    Setting Alegreya-TOsF sub-encoding to TS1/2 on input line 1
3072.
LaTeX Font Info:    Setting AlegreyaSans-LF sub-encoding to TS1/2 on input line
 13073.
LaTeX Font Info:    Setting AlegreyaSans-TLF sub-encoding to TS1/2 on input lin
e 13073.
LaTeX Font Info:    Setting AlegreyaSans-OsF sub-encoding to TS1/2 on input lin
e 13073.
LaTeX Font Info:    Setting AlegreyaSans-TOsF sub-encoding to TS1/2 on input li
ne 13073.
LaTeX Font Info:    Setting BaskervilleF-LF sub-encoding to TS1/2 on input line
 13074.
LaTeX Font Info:    Setting BaskervilleF-TLF sub-encoding to TS1/2 on input lin
e 13074.
LaTeX Font Info:    Setting BaskervilleF-OsF sub-encoding to TS1/2 on input lin
e 13074.
LaTeX Font Info:    Setting BaskervilleF-TOsF sub-encoding to TS1/2 on input li
ne 13074.
LaTeX Font Info:    Setting DejaVuSans-TLF sub-encoding to TS1/2 on input line 
13075.
LaTeX Font Info:    Setting DejaVuSansCondensed-TLF sub-encoding to TS1/2 on in
put line 13076.
LaTeX Font Info:    Setting DejaVuSansMono-TLF sub-encoding to TS1/2 on input l
ine 13077.
LaTeX Font Info:    Setting EBGaramond-LF sub-encoding to TS1/2 on input line 1
3078.
LaTeX Font Info:    Setting EBGaramond-TLF sub-encoding to TS1/2 on input line 
13078.
LaTeX Font Info:    Setting EBGaramond-OsF sub-encoding to TS1/2 on input line 
13078.
LaTeX Font Info:    Setting EBGaramond-TOsF sub-encoding to TS1/2 on input line
 13078.
LaTeX Font Info:    Setting Merriwthr-OsF sub-encoding to TS1/2 on input line 1
3079.
LaTeX Font Info:    Setting MerriwthrSans-OsF sub-encoding to TS1/2 on input li
ne 13080.
LaTeX Font Info:    Setting Montserrat-LF sub-encoding to TS1/2 on input line 1
3081.
LaTeX Font Info:    Setting Montserrat-TLF sub-encoding to TS1/2 on input line 
13081.
LaTeX Font Info:    Setting Montserrat-OsF sub-encoding to TS1/2 on input line 
13081.
LaTeX Font Info:    Setting Montserrat-TOsF sub-encoding to TS1/2 on input line
 13081.
LaTeX Font Info:    Setting MontserratAlternates-LF sub-encoding to TS1/2 on in
put line 13082.
LaTeX Font Info:    Setting MontserratAlternates-TLF sub-encoding to TS1/2 on i
nput line 13082.
LaTeX Font Info:    Setting MontserratAlternates-OsF sub-encoding to TS1/2 on i
nput line 13082.
LaTeX Font Info:    Setting MontserratAlternates-TOsF sub-encoding to TS1/2 on 
input line 13082.
LaTeX Font Info:    Setting NotoSansMono-TLF sub-encoding to TS1/2 on input lin
e 13083.
LaTeX Font Info:    Setting NotoSansMono-TOsF sub-encoding to TS1/2 on input li
ne 13084.
LaTeX Font Info:    Setting Tempora-TLF sub-encoding to TS1/2 on input line 130
85.
LaTeX Font Info:    Setting Tempora-TOsF sub-encoding to TS1/2 on input line 13
086.
LaTeX Font Info:    Setting XCharter-TLF sub-encoding to TS1/2 on input line 13
087.
LaTeX Font Info:    Setting XCharter-TOsF sub-encoding to TS1/2 on input line 1
3088.
LaTeX Font Info:    Setting erewhon-LF sub-encoding to TS1/2 on input line 1308
9.
LaTeX Font Info:    Setting erewhon-TLF sub-encoding to TS1/2 on input line 130
89.
LaTeX Font Info:    Setting erewhon-OsF sub-encoding to TS1/2 on input line 130
89.
LaTeX Font Info:    Setting erewhon-TOsF sub-encoding to TS1/2 on input line 13
089.
LaTeX Font Info:    Setting Arimo-TLF sub-encoding to TS1/3 on input line 13090
.
LaTeX Font Info:    Setting Crlt-LF sub-encoding to TS1/3 on input line 13091.
LaTeX Font Info:    Setting Crlt-TLF sub-encoding to TS1/3 on input line 13091.

LaTeX Font Info:    Setting Crlt-OsF sub-encoding to TS1/3 on input line 13091.

LaTeX Font Info:    Setting Crlt-TOsF sub-encoding to TS1/3 on input line 13091
.
LaTeX Font Info:    Setting IBMPlexMono-TLF sub-encoding to TS1/3 on input line
 13092.
LaTeX Font Info:    Setting IBMPlexSans-TLF sub-encoding to TS1/3 on input line
 13093.
LaTeX Font Info:    Setting IBMPlexSerif-TLF sub-encoding to TS1/3 on input lin
e 13094.
LaTeX Font Info:    Setting SourceCodePro-TLF sub-encoding to TS1/3 on input li
ne 13095.
LaTeX Font Info:    Setting SourceCodePro-TOsF sub-encoding to TS1/3 on input l
ine 13096.
LaTeX Font Info:    Setting SourceSansPro-LF sub-encoding to TS1/3 on input lin
e 13097.
LaTeX Font Info:    Setting SourceSansPro-TLF sub-encoding to TS1/3 on input li
ne 13097.
LaTeX Font Info:    Setting SourceSansPro-OsF sub-encoding to TS1/3 on input li
ne 13097.
LaTeX Font Info:    Setting SourceSansPro-TOsF sub-encoding to TS1/3 on input l
ine 13097.
LaTeX Font Info:    Setting SourceSerifPro-LF sub-encoding to TS1/3 on input li
ne 13098.
LaTeX Font Info:    Setting SourceSerifPro-TLF sub-encoding to TS1/3 on input l
ine 13098.
LaTeX Font Info:    Setting SourceSerifPro-OsF sub-encoding to TS1/3 on input l
ine 13098.
LaTeX Font Info:    Setting SourceSerifPro-TOsF sub-encoding to TS1/3 on input 
line 13098.
LaTeX Font Info:    Setting Tinos-TLF sub-encoding to TS1/3 on input line 13099
.
LaTeX Font Info:    Setting AccanthisADFStdNoThree-LF sub-encoding to TS1/4 on 
input line 13100.
LaTeX Font Info:    Setting Cabin-TLF sub-encoding to TS1/4 on input line 13101
.
LaTeX Font Info:    Setting Caladea-TLF sub-encoding to TS1/4 on input line 131
02.
LaTeX Font Info:    Setting Chivo-LF sub-encoding to TS1/4 on input line 13103.

LaTeX Font Info:    Setting Chivo-TLF sub-encoding to TS1/4 on input line 13103
.
LaTeX Font Info:    Setting Chivo-OsF sub-encoding to TS1/4 on input line 13103
.
LaTeX Font Info:    Setting Chivo-TOsF sub-encoding to TS1/4 on input line 1310
3.
LaTeX Font Info:    Setting ClearSans-TLF sub-encoding to TS1/4 on input line 1
3104.
LaTeX Font Info:    Setting Coelacanth-LF sub-encoding to TS1/4 on input line 1
3105.
LaTeX Font Info:    Setting CrimsonPro-LF sub-encoding to TS1/4 on input line 1
3106.
LaTeX Font Info:    Setting CrimsonPro-TLF sub-encoding to TS1/4 on input line 
13106.
LaTeX Font Info:    Setting CrimsonPro-OsF sub-encoding to TS1/4 on input line 
13106.
LaTeX Font Info:    Setting CrimsonPro-TOsF sub-encoding to TS1/4 on input line
 13106.
LaTeX Font Info:    Setting FiraMono-TLF sub-encoding to TS1/4 on input line 13
107.
LaTeX Font Info:    Setting FiraMono-TOsF sub-encoding to TS1/4 on input line 1
3108.
LaTeX Font Info:    Setting FiraSans-LF sub-encoding to TS1/4 on input line 131
09.
LaTeX Font Info:    Setting FiraSans-TLF sub-encoding to TS1/4 on input line 13
109.
LaTeX Font Info:    Setting FiraSans-OsF sub-encoding to TS1/4 on input line 13
109.
LaTeX Font Info:    Setting FiraSans-TOsF sub-encoding to TS1/4 on input line 1
3109.
LaTeX Font Info:    Setting Go-TLF sub-encoding to TS1/4 on input line 13110.
LaTeX Font Info:    Setting GoMono-TLF sub-encoding to TS1/4 on input line 1311
1.
LaTeX Font Info:    Setting InriaSans-LF sub-encoding to TS1/4 on input line 13
112.
LaTeX Font Info:    Setting InriaSans-TLF sub-encoding to TS1/4 on input line 1
3112.
LaTeX Font Info:    Setting InriaSans-OsF sub-encoding to TS1/4 on input line 1
3112.
LaTeX Font Info:    Setting InriaSans-TOsF sub-encoding to TS1/4 on input line 
13112.
LaTeX Font Info:    Setting InriaSerif-LF sub-encoding to TS1/4 on input line 1
3113.
LaTeX Font Info:    Setting InriaSerif-TLF sub-encoding to TS1/4 on input line 
13113.
LaTeX Font Info:    Setting InriaSerif-OsF sub-encoding to TS1/4 on input line 
13113.
LaTeX Font Info:    Setting InriaSerif-TOsF sub-encoding to TS1/4 on input line
 13113.
LaTeX Font Info:    Setting LibertinusSans-LF sub-encoding to TS1/4 on input li
ne 13114.
LaTeX Font Info:    Setting LibertinusSans-TLF sub-encoding to TS1/4 on input l
ine 13114.
LaTeX Font Info:    Setting LibertinusSans-OsF sub-encoding to TS1/4 on input l
ine 13114.
LaTeX Font Info:    Setting LibertinusSans-TOsF sub-encoding to TS1/4 on input 
line 13114.
LaTeX Font Info:    Setting LibertinusSerif-LF sub-encoding to TS1/4 on input l
ine 13115.
LaTeX Font Info:    Setting LibertinusSerif-TLF sub-encoding to TS1/4 on input 
line 13115.
LaTeX Font Info:    Setting LibertinusSerif-OsF sub-encoding to TS1/4 on input 
line 13115.
LaTeX Font Info:    Setting LibertinusSerif-TOsF sub-encoding to TS1/4 on input
 line 13115.
LaTeX Font Info:    Setting LibreBodoni-TLF sub-encoding to TS1/4 on input line
 13116.
LaTeX Font Info:    Setting LibreFranklin-TLF sub-encoding to TS1/4 on input li
ne 13117.
LaTeX Font Info:    Setting LinguisticsPro-LF sub-encoding to TS1/4 on input li
ne 13118.
LaTeX Font Info:    Setting LinguisticsPro-OsF sub-encoding to TS1/4 on input l
ine 13119.
LaTeX Font Info:    Setting LinuxBiolinumT-LF sub-encoding to TS1/4 on input li
ne 13120.
LaTeX Font Info:    Setting LinuxBiolinumT-TLF sub-encoding to TS1/4 on input l
ine 13120.
LaTeX Font Info:    Setting LinuxBiolinumT-OsF sub-encoding to TS1/4 on input l
ine 13120.
LaTeX Font Info:    Setting LinuxBiolinumT-TOsF sub-encoding to TS1/4 on input 
line 13120.
LaTeX Font Info:    Setting LinuxLibertineT-LF sub-encoding to TS1/4 on input l
ine 13121.
LaTeX Font Info:    Setting LinuxLibertineT-TLF sub-encoding to TS1/4 on input 
line 13121.
LaTeX Font Info:    Setting LinuxLibertineT-OsF sub-encoding to TS1/4 on input 
line 13121.
LaTeX Font Info:    Setting LinuxLibertineT-TOsF sub-encoding to TS1/4 on input
 line 13121.
LaTeX Font Info:    Setting MintSpirit-LF sub-encoding to TS1/4 on input line 1
3122.
LaTeX Font Info:    Setting MintSpirit-TLF sub-encoding to TS1/4 on input line 
13122.
LaTeX Font Info:    Setting MintSpirit-OsF sub-encoding to TS1/4 on input line 
13122.
LaTeX Font Info:    Setting MintSpirit-TOsF sub-encoding to TS1/4 on input line
 13122.
LaTeX Font Info:    Setting MintSpiritNoTwo-LF sub-encoding to TS1/4 on input l
ine 13123.
LaTeX Font Info:    Setting MintSpiritNoTwo-TLF sub-encoding to TS1/4 on input 
line 13123.
LaTeX Font Info:    Setting MintSpiritNoTwo-OsF sub-encoding to TS1/4 on input 
line 13123.
LaTeX Font Info:    Setting MintSpiritNoTwo-TOsF sub-encoding to TS1/4 on input
 line 13123.
LaTeX Font Info:    Setting PTMono-TLF sub-encoding to TS1/4 on input line 1312
4.
LaTeX Font Info:    Setting PTSans-TLF sub-encoding to TS1/4 on input line 1312
5.
LaTeX Font Info:    Setting PTSansCaption-TLF sub-encoding to TS1/4 on input li
ne 13126.
LaTeX Font Info:    Setting PTSansNarrow-TLF sub-encoding to TS1/4 on input lin
e 13127.
LaTeX Font Info:    Setting PTSerif-TLF sub-encoding to TS1/4 on input line 131
28.
LaTeX Font Info:    Setting PTSerifCaption-TLF sub-encoding to TS1/4 on input l
ine 13129.
LaTeX Font Info:    Setting Raleway-TLF sub-encoding to TS1/4 on input line 131
30.
LaTeX Font Info:    Setting Raleway-TOsF sub-encoding to TS1/4 on input line 13
131.
LaTeX Font Info:    Setting Roboto-LF sub-encoding to TS1/4 on input line 13132
.
LaTeX Font Info:    Setting Roboto-TLF sub-encoding to TS1/4 on input line 1313
2.
LaTeX Font Info:    Setting Roboto-OsF sub-encoding to TS1/4 on input line 1313
2.
LaTeX Font Info:    Setting Roboto-TOsF sub-encoding to TS1/4 on input line 131
32.
LaTeX Font Info:    Setting RobotoMono-TLF sub-encoding to TS1/4 on input line 
13133.
LaTeX Font Info:    Setting RobotoSlab-TLF sub-encoding to TS1/4 on input line 
13134.
LaTeX Font Info:    Setting Rosario-LF sub-encoding to TS1/4 on input line 1313
5.
LaTeX Font Info:    Setting Rosario-TLF sub-encoding to TS1/4 on input line 131
35.
LaTeX Font Info:    Setting Rosario-OsF sub-encoding to TS1/4 on input line 131
35.
LaTeX Font Info:    Setting Rosario-TOsF sub-encoding to TS1/4 on input line 13
135.
LaTeX Font Info:    Setting SticksTooText-LF sub-encoding to TS1/4 on input lin
e 13136.
LaTeX Font Info:    Setting SticksTooText-TLF sub-encoding to TS1/4 on input li
ne 13136.
LaTeX Font Info:    Setting SticksTooText-OsF sub-encoding to TS1/4 on input li
ne 13136.
LaTeX Font Info:    Setting SticksTooText-TOsF sub-encoding to TS1/4 on input l
ine 13136.
LaTeX Font Info:    Setting UniversalisADFStd-LF sub-encoding to TS1/4 on input
 line 13137.
LaTeX Font Info:    Setting Almndr-OsF sub-encoding to TS1/5 on input line 1313
8.
LaTeX Font Info:    Setting Baskervaldx-LF sub-encoding to TS1/5 on input line 
13139.
LaTeX Font Info:    Setting Baskervaldx-TLF sub-encoding to TS1/5 on input line
 13139.
LaTeX Font Info:    Setting Baskervaldx-OsF sub-encoding to TS1/5 on input line
 13139.
LaTeX Font Info:    Setting Baskervaldx-TOsF sub-encoding to TS1/5 on input lin
e 13139.
LaTeX Font Info:    Setting Bttr-TLF sub-encoding to TS1/5 on input line 13140.

LaTeX Font Info:    Setting Cinzel-LF sub-encoding to TS1/5 on input line 13141
.
LaTeX Font Info:    Setting CinzelDecorative-LF sub-encoding to TS1/5 on input 
line 13142.
LaTeX Font Info:    Setting Cochineal-LF sub-encoding to TS1/5 on input line 13
143.
LaTeX Font Info:    Setting Cochineal-TLF sub-encoding to TS1/5 on input line 1
3143.
LaTeX Font Info:    Setting Cochineal-OsF sub-encoding to TS1/5 on input line 1
3143.
LaTeX Font Info:    Setting Cochineal-TOsF sub-encoding to TS1/5 on input line 
13143.
LaTeX Font Info:    Setting DejaVuSerif-TLF sub-encoding to TS1/5 on input line
 13144.
LaTeX Font Info:    Setting DejaVuSerifCondensed-TLF sub-encoding to TS1/5 on i
nput line 13145.
LaTeX Font Info:    Setting GilliusADF-LF sub-encoding to TS1/5 on input line 1
3146.
LaTeX Font Info:    Setting GilliusADFCond-LF sub-encoding to TS1/5 on input li
ne 13147.
LaTeX Font Info:    Setting GilliusADFNoTwo-LF sub-encoding to TS1/5 on input l
ine 13148.
LaTeX Font Info:    Setting GilliusADFNoTwoCond-LF sub-encoding to TS1/5 on inp
ut line 13149.
LaTeX Font Info:    Setting OldStandard-TLF sub-encoding to TS1/5 on input line
 13150.
LaTeX Font Info:    Setting PlyfrDisplay-TLF sub-encoding to TS1/5 on input lin
e 13151.
LaTeX Font Info:    Setting PlyfrDisplay-TOsF sub-encoding to TS1/5 on input li
ne 13152.
LaTeX Font Info:    Setting TheanoDidot-TLF sub-encoding to TS1/5 on input line
 13153.
LaTeX Font Info:    Setting TheanoDidot-TOsF sub-encoding to TS1/5 on input lin
e 13154.
LaTeX Font Info:    Setting TheanoModern-TLF sub-encoding to TS1/5 on input lin
e 13155.
LaTeX Font Info:    Setting TheanoModern-TOsF sub-encoding to TS1/5 on input li
ne 13156.
LaTeX Font Info:    Setting TheanoOldStyle-TLF sub-encoding to TS1/5 on input l
ine 13157.
LaTeX Font Info:    Setting TheanoOldStyle-TOsF sub-encoding to TS1/5 on input 
line 13158.
LaTeX Font Info:    Setting charssil-TLF sub-encoding to TS1/5 on input line 13
159.
LaTeX Font Info:    Setting Crimson-TLF sub-encoding to TS1/6 on input line 131
60.
LaTeX Font Info:    Setting LibertinusSerifDisplay-LF sub-encoding to TS1/6 on 
input line 13161.
LaTeX Font Info:    Setting LinuxLibertineDisplayT-LF sub-encoding to TS1/6 on 
input line 13162.
LaTeX Font Info:    Setting LinuxLibertineDisplayT-TLF sub-encoding to TS1/6 on
 input line 13162.
LaTeX Font Info:    Setting LinuxLibertineDisplayT-OsF sub-encoding to TS1/6 on
 input line 13162.
LaTeX Font Info:    Setting LinuxLibertineDisplayT-TOsF sub-encoding to TS1/6 o
n input line 13162.
LaTeX Font Info:    Setting LinuxLibertineMonoT-LF sub-encoding to TS1/6 on inp
ut line 13163.
LaTeX Font Info:    Setting LinuxLibertineMonoT-TLF sub-encoding to TS1/6 on in
put line 13164.
LaTeX Font Info:    Setting Ovrlck-LF sub-encoding to TS1/6 on input line 13165
.
LaTeX Font Info:    Setting ComicNeue-TLF sub-encoding to TS1/7 on input line 1
3166.
LaTeX Font Info:    Setting ComicNeueAngular-TLF sub-encoding to TS1/7 on input
 line 13167.
LaTeX Font Info:    Setting CormorantGaramond-LF sub-encoding to TS1/7 on input
 line 13168.
LaTeX Font Info:    Setting CormorantGaramond-TLF sub-encoding to TS1/7 on inpu
t line 13168.
LaTeX Font Info:    Setting CormorantGaramond-OsF sub-encoding to TS1/7 on inpu
t line 13168.
LaTeX Font Info:    Setting CormorantGaramond-TOsF sub-encoding to TS1/7 on inp
ut line 13168.
LaTeX Font Info:    Setting Heuristica-TLF sub-encoding to TS1/7 on input line 
13169.
LaTeX Font Info:    Setting Heuristica-TOsF sub-encoding to TS1/7 on input line
 13170.
LaTeX Font Info:    Setting IMFELLEnglish-TLF sub-encoding to TS1/7 on input li
ne 13171.
LaTeX Font Info:    Setting LibreBskrvl-TLF sub-encoding to TS1/7 on input line
 13172.
LaTeX Font Info:    Setting LibreCsln-LF sub-encoding to TS1/7 on input line 13
173.
LaTeX Font Info:    Setting LibreCsln-TLF sub-encoding to TS1/7 on input line 1
3173.
LaTeX Font Info:    Setting LibreCsln-OsF sub-encoding to TS1/7 on input line 1
3173.
LaTeX Font Info:    Setting LibreCsln-TOsF sub-encoding to TS1/7 on input line 
13173.
LaTeX Font Info:    Setting Lbstr-LF sub-encoding to TS1/7 on input line 13174.

LaTeX Font Info:    Setting Mrcls-LF sub-encoding to TS1/7 on input line 13175.

LaTeX Font Info:    Setting NotoSans-LF sub-encoding to TS1/7 on input line 131
76.
LaTeX Font Info:    Setting NotoSans-TLF sub-encoding to TS1/7 on input line 13
176.
LaTeX Font Info:    Setting NotoSans-OsF sub-encoding to TS1/7 on input line 13
176.
LaTeX Font Info:    Setting NotoSans-TOsF sub-encoding to TS1/7 on input line 1
3176.
LaTeX Font Info:    Setting NotoSerif-LF sub-encoding to TS1/7 on input line 13
177.
LaTeX Font Info:    Setting NotoSerif-TLF sub-encoding to TS1/7 on input line 1
3177.
LaTeX Font Info:    Setting NotoSerif-OsF sub-encoding to TS1/7 on input line 1
3177.
LaTeX Font Info:    Setting NotoSerif-TOsF sub-encoding to TS1/7 on input line 
13177.
LaTeX Font Info:    Setting Quattro-LF sub-encoding to TS1/7 on input line 1317
8.
LaTeX Font Info:    Setting QuattroSans-LF sub-encoding to TS1/7 on input line 
13179.
LaTeX Font Info:    Setting Frm-LF sub-encoding to TS1/7 on input line 13180.
LaTeX Font Info:    Setting LibertinusMono-TLF sub-encoding to TS1/8 on input l
ine 13181.
LaTeX Font Info:    Setting AlgolRevived-TLF sub-encoding to TS1/9 on input lin
e 13182.

page nos., x-ref, environments, center,
\@rightskip=\skip29
 verbatim,
\@verbvisiblespacebox=\box32
 math definitions,
\jot=\dimen52
\interdisplaylinepenalty=\count136
\rootbox=\box33
LaTeX Info: Redefining \: on input line 13974.
\c@equation=\count137
\@eqcnt=\count138
\@eqpen=\count139
\@centering=\skip30
\topsep=\skip31
\partopsep=\skip32
\itemsep=\skip33
\parsep=\skip34
\@topsep=\skip35
\@topsepadd=\skip36
\@outerparskip=\skip37
\leftmargin=\dimen53
\rightmargin=\dimen54
\listparindent=\dimen55
\itemindent=\dimen56
\labelwidth=\dimen57
\labelsep=\dimen58
\linewidth=\dimen59
\@totalleftmargin=\dimen60
\leftmargini=\dimen61
\leftmarginii=\dimen62
\leftmarginiii=\dimen63
\leftmarginiv=\dimen64
\leftmarginv=\dimen65
\leftmarginvi=\dimen66
\@listdepth=\count140
\@itempenalty=\count141
\@beginparpenalty=\count142
\@endparpenalty=\count143
\@labels=\box34
\par@deathcycles=\count144
\@enumdepth=\count145
\c@enumi=\count146
\c@enumii=\count147
\c@enumiii=\count148
\c@enumiv=\count149
\@itemdepth=\count150
 boxes,
\fboxrule=\dimen67
\fboxsep=\dimen68
\@mplistdepth=\count151
\@mpfootins=\insert254
LaTeX Info: Redefining \underline on input line 14645.
\@gtempa=\dimen69
\@gtempa=\dimen70
\@gtempa=\dimen71
\@gtempa=\dimen72
\@gtempa=\dimen73
\@gtempa=\dimen74
\@gtempa=\dimen75
\@gtempa=\dimen76
\@gtempa=\dimen77
\@gtempa=\dimen78
\@gtempa=\dimen79
\@gtempa=\dimen80
\@gtempa=\dimen81
\@gtempa=\dimen82
\@nxttabmar=\count152
\@curtabmar=\count153
\@curtab=\count154
\@hightab=\count155
\@tabpush=\count156
\@curline=\box35
\@curfield=\box36
\@tabfbox=\box37
\tabbingsep=\dimen83
\@chclass=\count157
\@lastchclass=\count158
\@chnum=\count159
\arraycolsep=\dimen84
\tabcolsep=\dimen85
\arrayrulewidth=\dimen86
\doublerulesep=\dimen87
\@arstrutbox=\box38
\@wholewidth=\dimen88
\@halfwidth=\dimen89
\unitlength=\dimen90
\@picbox=\box39
\@picht=\dimen91
\@ovxx=\dimen92
\@ovyy=\dimen93
\@ovdx=\dimen94
\@ovdy=\dimen95
\@ovro=\dimen96
\@ovri=\dimen97
\@xarg=\count160
\@yarg=\count161
\@yyarg=\count162
\@multicnt=\count163
\@xdim=\dimen98
\@ydim=\dimen99
\@linechar=\box40
\@linelen=\dimen100
\@clnwd=\dimen101
\@clnht=\dimen102
\@dashdim=\dimen103
\@dashbox=\box41
\@dashcnt=\count164
LaTeX Info: Command `\linethickness' is already robust on input line 15439.
LaTeX Info: Command `\thinlines' is already robust on input line 15445.

title, sectioning,
\@secpenalty=\count165
\c@secnumdepth=\count166
\c@tocdepth=\count167
 contents, floats,
\@floatpenalty=\count168
 footnotes,
\footins=\insert253
\c@footnote=\count169
\c@mpfootnote=\count170
\footnotesep=\dimen104
 index, bibliography,
\l__mark_box=\box42
\l__mark_ii_box=\box43
\g__mark_int=\count171
\pkgcls@targetdate=\count172
\l_shipout_box=\box44
\l__shipout_raw_box=\box45
\__shipout_finalize_box:=\luafunction28
\l__shipout_firstpage_box=\box46
\l_shipout_box_ht_dim=\dimen105
\l_shipout_box_dp_dim=\dimen106
\l_shipout_box_wd_dim=\dimen107
\l_shipout_box_ht_plus_dp_dim=\dimen108
\l__shipout_tmp_box=\box47
\g_shipout_readonly_int=\count173
\g_shipout_totalpages_int=\count174
 output,
\bx@A=\insert252
\bx@B=\insert251
\bx@C=\insert250
\bx@D=\insert249
\bx@E=\insert248
\bx@F=\insert247
\bx@G=\insert246
\bx@H=\insert245
\bx@I=\insert244
\bx@J=\insert243
\bx@K=\insert242
\bx@L=\insert241
\bx@M=\insert240
\bx@N=\insert239
\bx@O=\insert238
\bx@P=\insert237
\bx@Q=\insert236
\bx@R=\insert235
\bx@S=\insert234
\bx@T=\insert233
\bx@U=\insert232
\bx@V=\insert231
\bx@W=\insert230
\bx@X=\insert229
\bx@Y=\insert228
\bx@Z=\insert227
\bx@AA=\insert226
\bx@BB=\insert225
\bx@CC=\insert224
\bx@DD=\insert223
\bx@EE=\insert222
\bx@FF=\insert221
\bx@GG=\insert220
\bx@HH=\insert219
\bx@II=\insert218
\bx@JJ=\insert217
\bx@KK=\insert216
\bx@LL=\insert215
\bx@MM=\insert214
\bx@NN=\insert213
\bx@OO=\insert212
\bx@PP=\insert211
\bx@QQ=\insert210
\bx@RR=\insert209
\bx@SS=\insert208
\bx@TT=\insert207
\bx@UU=\insert206
\bx@VV=\insert205
\bx@WW=\insert204
\bx@XX=\insert203
\bx@YY=\insert202
\bx@ZZ=\insert201
\topmargin=\dimen109
\oddsidemargin=\dimen110
\evensidemargin=\dimen111
\headheight=\dimen112
\headsep=\dimen113
\footskip=\dimen114
\textheight=\dimen115
\textwidth=\dimen116
\columnwidth=\dimen117
\columnsep=\dimen118
\columnseprule=\dimen119
\marginparwidth=\dimen120
\marginparsep=\dimen121
\marginparpush=\dimen122
\@begindvibox=\box48
\@maxdepth=\dimen123
\paperheight=\dimen124
\paperwidth=\dimen125
\stockheight=\dimen126
\stockwidth=\dimen127
\col@number=\count175
\@topnum=\count176
\@toproom=\dimen128
\@dbltopnum=\count177
\@dbltoproom=\dimen129
\@botnum=\count178
\@botroom=\dimen130
\@colnum=\count179
\@textmin=\dimen131
\@fpmin=\dimen132
\@colht=\dimen133
\@colroom=\dimen134
\@pageht=\dimen135
\@pagedp=\dimen136
\@mparbottom=\dimen137
\@currtype=\count180
\@outputbox=\box49
\@leftcolumn=\box50
\@holdpg=\box51
\@kludgeins=\insert200
\@fpstype=\count181
\@reqcolroom=\dimen138
\@textfloatsheight=\dimen139
\c@topnumber=\count182
\c@bottomnumber=\count183
\c@totalnumber=\count184
\c@dbltopnumber=\count185
\floatsep=\skip38
\textfloatsep=\skip39
\intextsep=\skip40
\dblfloatsep=\skip41
\dbltextfloatsep=\skip42
\@fptop=\skip43
\@fpsep=\skip44
\@fpbot=\skip45
\@dblfptop=\skip46
\@dblfpsep=\skip47
\@dblfpbot=\skip48
\g__tbl_col_int=\count186
\g__tbl_row_int=\count187
\g__tbl_missing_cells_int=\count188
\@lowpenalty=\count189
\@medpenalty=\count190
\@highpenalty=\count191
\c__mark_class_2e-left_mark=\marks1
\c__mark_class_2e-right_mark=\marks2
\c__mark_class_2e-right-nonempty_mark=\marks3

 Unicode character data,
(C:/Users/chith/AppData/Local/Programs/MiKTeX/tex/generic/unicode-data/load-uni
code-data.tex 
load-unicode-data.tex v1.17 (2023-09-18)
Reading Unicode data
# UnicodeData-15.1.0.txt
# Modified 2023-09-18 08:45:00 GMT [JAW]
)
\c_code_cctab=\catcodetable12
\c_document_cctab=\catcodetable13

===========================================
Local configuration file hyphen.cfg used
===========================================
(C:/Users/chith/AppData/Local/Programs/MiKTeX/tex/generic/babel/hyphen.cfg
File: hyphen.cfg 2024/08/29 v24.9 Babel hyphens

(C:/Users/chith/AppData/Local/Programs/MiKTeX/tex/generic/babel/luababel.def)
\l@english=\language0

(C:/Users/chith/AppData/Local/Programs/MiKTeX/tex/generic/knuth-lib/hyphen.tex)
\l@usenglish=\language0
\l@USenglish=\language0
\l@american=\language0
)
\l@nohyphenation=\language1

(C:/Users/chith/AppData/Local/Programs/MiKTeX/tex/latex/firstaid/latex2e-first-
aid-for-external-files.ltx
File: latex2e-first-aid-for-external-files.ltx 2024/06/25 v1.1f LaTeX kernel fi
xes to external files and packages
)
))
Beginning to dump on file lualatex.fmt
 (format=lualatex 2025.4.29)
24090 strings using 431513 bytes
1066133 memory locations dumped; current usage is 204&507505
22758 multiletter control sequences
\font\nullfont=nullfont
\font\OMX/cmex/m/n/10=cmex10
\font\tenln=line10
\font\tenlnw=linew10
\font\tencirc=lcircle10
\font\tencircw=lcirclew10
\font\OT1/cmr/m/n/5=cmr5
\font\OT1/cmr/m/n/7=cmr7
\font\OT1/cmr/m/n/10=cmr10
\font\OML/cmm/m/it/5=cmmi5
\font\OML/cmm/m/it/7=cmmi7
\font\OML/cmm/m/it/10=cmmi10
\font\OMS/cmsy/m/n/5=cmsy5
\font\OMS/cmsy/m/n/7=cmsy7
\font\OMS/cmsy/m/n/10=cmsy10
14 preloaded fonts
warning  (pdf backend): no pages of output.

PDF statistics: 0 PDF objects out of 1000 (max. 8388607)
 0 named destinations out of 1000 (max. 131072)
 1 words of extra memory for PDF output out of 10000 (max. 100000000)

